# JRE version: OpenJDK Runtime Environment Temurin-17.0.8.1+1 (17.0.8.1+1) (build 17.0.8.1+1)
# Java VM: OpenJDK 64-Bit Server VM Temurin-17.0.8.1+1 (17.0.8.1+1, mixed mode, tiered, compressed oops, compressed class ptrs, g1 gc, windows-amd64)
GC Precious Log:
 CPUs: 12 total, 12 available
 Memory: 7549M
 Large Page Support: Disabled
 NUMA Support: Disabled
 Compressed Oops: Enabled (32-bit)
 Heap Region Size: 1M
 Heap Min Capacity: 8M
 Heap Initial Capacity: 118M
 Heap Max Capacity: 1888M
 Pre-touch: Disabled
 Parallel Workers: 10
 Concurrent Workers: 3
 Concurrent Refinement Workers: 10
 Periodic GC: Disabled
Heap:
 garbage-first heap   total 396288K, used 51149K [0x000000008a000000, 0x0000000100000000)
  region size 1024K, 1 young (1024K), 1 survivors (1024K)
 Metaspace       used 37216K, committed 37568K, reserved 1114112K
  class space    used 4127K, committed 4288K, reserved 1048576K
GC Heap History (20 events):
Event: 2352.843 GC heap after
{Heap after GC invocations=1407 (full 0):
 garbage-first heap   total 132096K, used 51131K [0x000000008a000000, 0x0000000100000000)
  region size 1024K, 1 young (1024K), 1 survivors (1024K)
 Metaspace       used 37216K, committed 37568K, reserved 1114112K
  class space    used 4127K, committed 4288K, reserved 1048576K
}
Event: 2355.533 GC heap before
{Heap before GC invocations=1407 (full 0):
 garbage-first heap   total 132096K, used 116667K [0x000000008a000000, 0x0000000100000000)
  region size 1024K, 65 young (66560K), 1 survivors (1024K)
 Metaspace       used 37216K, committed 37568K, reserved 1114112K
  class space    used 4127K, committed 4288K, reserved 1048576K
}
Event: 2356.785 GC heap after
{Heap after GC invocations=1408 (full 0):
 garbage-first heap   total 132096K, used 51131K [0x000000008a000000, 0x0000000100000000)
  region size 1024K, 1 young (1024K), 1 survivors (1024K)
 Metaspace       used 37216K, committed 37568K, reserved 1114112K
  class space    used 4127K, committed 4288K, reserved 1048576K
}
Event: 2358.936 GC heap before
{Heap before GC invocations=1408 (full 0):
 garbage-first heap   total 132096K, used 116667K [0x000000008a000000, 0x0000000100000000)
  region size 1024K, 65 young (66560K), 1 survivors (1024K)
 Metaspace       used 37216K, committed 37568K, reserved 1114112K
  class space    used 4127K, committed 4288K, reserved 1048576K
}
Event: 2358.937 GC heap after
{Heap after GC invocations=1409 (full 0):
 garbage-first heap   total 132096K, used 51133K [0x000000008a000000, 0x0000000100000000)
  region size 1024K, 1 young (1024K), 1 survivors (1024K)
 Metaspace       used 37216K, committed 37568K, reserved 1114112K
  class space    used 4127K, committed 4288K, reserved 1048576K
}
Event: 2361.124 GC heap before
{Heap before GC invocations=1409 (full 0):
 garbage-first heap   total 132096K, used 116669K [0x000000008a000000, 0x0000000100000000)
  region size 1024K, 65 young (66560K), 1 survivors (1024K)
 Metaspace       used 37216K, committed 37568K, reserved 1114112K
  class space    used 4127K, committed 4288K, reserved 1048576K
}
Event: 2363.934 GC heap after
{Heap after GC invocations=1410 (full 0):
 garbage-first heap   total 132096K, used 51138K [0x000000008a000000, 0x0000000100000000)
  region size 1024K, 1 young (1024K), 1 survivors (1024K)
 Metaspace       used 37216K, committed 37568K, reserved 1114112K
  class space    used 4127K, committed 4288K, reserved 1048576K
}
Event: 2366.943 GC heap before
{Heap before GC invocations=1410 (full 0):
 garbage-first heap   total 132096K, used 116674K [0x000000008a000000, 0x0000000100000000)
  region size 1024K, 65 young (66560K), 1 survivors (1024K)
 Metaspace       used 37216K, committed 37568K, reserved 1114112K
  class space    used 4127K, committed 4288K, reserved 1048576K
}
Event: 2366.944 GC heap after
{Heap after GC invocations=1411 (full 0):
 garbage-first heap   total 132096K, used 51140K [0x000000008a000000, 0x0000000100000000)
  region size 1024K, 1 young (1024K), 1 survivors (1024K)
 Metaspace       used 37216K, committed 37568K, reserved 1114112K
  class space    used 4127K, committed 4288K, reserved 1048576K
}
Event: 2367.802 GC heap before
{Heap before GC invocations=1411 (full 0):
 garbage-first heap   total 132096K, used 116676K [0x000000008a000000, 0x0000000100000000)
  region size 1024K, 65 young (66560K), 1 survivors (1024K)
 Metaspace       used 37216K, committed 37568K, reserved 1114112K
  class space    used 4127K, committed 4288K, reserved 1048576K
}
Event: 2369.409 GC heap after
{Heap after GC invocations=1412 (full 0):
 garbage-first heap   total 132096K, used 51140K [0x000000008a000000, 0x0000000100000000)
  region size 1024K, 1 young (1024K), 1 survivors (1024K)
 Metaspace       used 37216K, committed 37568K, reserved 1114112K
  class space    used 4127K, committed 4288K, reserved 1048576K
}
Event: 2370.241 GC heap before
{Heap before GC invocations=1412 (full 0):
 garbage-first heap   total 132096K, used 116676K [0x000000008a000000, 0x0000000100000000)
  region size 1024K, 65 young (66560K), 1 survivors (1024K)
 Metaspace       used 37216K, committed 37568K, reserved 1114112K
  class space    used 4127K, committed 4288K, reserved 1048576K
}
Event: 2401.205 GC heap after
{Heap after GC invocations=1413 (full 0):
 garbage-first heap   total 396288K, used 51140K [0x000000008a000000, 0x0000000100000000)
  region size 1024K, 1 young (1024K), 1 survivors (1024K)
 Metaspace       used 37216K, committed 37568K, reserved 1114112K
  class space    used 4127K, committed 4288K, reserved 1048576K
}
Event: 2404.160 GC heap before
{Heap before GC invocations=1413 (full 0):
 garbage-first heap   total 396288K, used 69572K [0x000000008a000000, 0x0000000100000000)
  region size 1024K, 19 young (19456K), 1 survivors (1024K)
 Metaspace       used 37216K, committed 37568K, reserved 1114112K
  class space    used 4127K, committed 4288K, reserved 1048576K
}
Event: 2405.465 GC heap after
{Heap after GC invocations=1414 (full 0):
 garbage-first heap   total 396288K, used 51127K [0x000000008a000000, 0x0000000100000000)
  region size 1024K, 1 young (1024K), 1 survivors (1024K)
 Metaspace       used 37216K, committed 37568K, reserved 1114112K
  class space    used 4127K, committed 4288K, reserved 1048576K
}
Event: 2407.410 GC heap before
{Heap before GC invocations=1414 (full 0):
 garbage-first heap   total 396288K, used 69559K [0x000000008a000000, 0x0000000100000000)
  region size 1024K, 19 young (19456K), 1 survivors (1024K)
 Metaspace       used 37216K, committed 37568K, reserved 1114112K
  class space    used 4127K, committed 4288K, reserved 1048576K
}
Event: 2410.459 GC heap after
{Heap after GC invocations=1415 (full 0):
 garbage-first heap   total 396288K, used 51129K [0x000000008a000000, 0x0000000100000000)
  region size 1024K, 1 young (1024K), 1 survivors (1024K)
 Metaspace       used 37216K, committed 37568K, reserved 1114112K
  class space    used 4127K, committed 4288K, reserved 1048576K
}
Event: 2485.161 GC heap before
{Heap before GC invocations=1415 (full 0):
 garbage-first heap   total 396288K, used 69561K [0x000000008a000000, 0x0000000100000000)
  region size 1024K, 19 young (19456K), 1 survivors (1024K)
 Metaspace       used 37216K, committed 37568K, reserved 1114112K
  class space    used 4127K, committed 4288K, reserved 1048576K
}
Event: 2489.051 GC heap after
{Heap after GC invocations=1416 (full 0):
 garbage-first heap   total 396288K, used 51150K [0x000000008a000000, 0x0000000100000000)
  region size 1024K, 1 young (1024K), 1 survivors (1024K)
 Metaspace       used 37216K, committed 37568K, reserved 1114112K
  class space    used 4127K, committed 4288K, reserved 1048576K
}
Event: 2491.164 GC heap before
{Heap before GC invocations=1416 (full 0):
 garbage-first heap   total 396288K, used 69582K [0x000000008a000000, 0x0000000100000000)
  region size 1024K, 19 young (19456K), 1 survivors (1024K)
 Metaspace       used 37216K, committed 37568K, reserved 1114112K
  class space    used 4127K, committed 4288K, reserved 1048576K
}

