# JRE version: OpenJDK Runtime Environment Temurin-17.0.8.1+1 (17.0.8.1+1) (build 17.0.8.1+1)
# Java VM: OpenJDK 64-Bit Server VM Temurin-17.0.8.1+1 (17.0.8.1+1, mixed mode, tiered, compressed oops, compressed class ptrs, g1 gc, windows-amd64)
GC Precious Log:
 CPUs: 12 total, 12 available
 Memory: 7549M
 Large Page Support: Disabled
 NUMA Support: Disabled
 Compressed Oops: Enabled (32-bit)
 Heap Region Size: 1M
 Heap Min Capacity: 8M
 Heap Initial Capacity: 118M
 Heap Max Capacity: 1888M
 Pre-touch: Disabled
 Parallel Workers: 10
 Concurrent Workers: 3
 Concurrent Refinement Workers: 10
 Periodic GC: Disabled
Heap:
 garbage-first heap   total 167936K, used 45821K [0x000000008a000000, 0x0000000100000000)
  region size 1024K, 1 young (1024K), 1 survivors (1024K)
 Metaspace       used 40844K, committed 41152K, reserved 1114112K
  class space    used 4524K, committed 4672K, reserved 1048576K
GC Heap History (20 events):
Event: 2350.955 GC heap after
{Heap after GC invocations=1131 (full 0):
 garbage-first heap   total 167936K, used 45812K [0x000000008a000000, 0x0000000100000000)
  region size 1024K, 1 young (1024K), 1 survivors (1024K)
 Metaspace       used 40843K, committed 41152K, reserved 1114112K
  class space    used 4524K, committed 4672K, reserved 1048576K
}
Event: 2352.093 GC heap before
{Heap before GC invocations=1131 (full 0):
 garbage-first heap   total 167936K, used 145140K [0x000000008a000000, 0x0000000100000000)
  region size 1024K, 98 young (100352K), 1 survivors (1024K)
 Metaspace       used 40843K, committed 41152K, reserved 1114112K
  class space    used 4524K, committed 4672K, reserved 1048576K
}
Event: 2352.094 GC heap after
{Heap after GC invocations=1132 (full 0):
 garbage-first heap   total 167936K, used 45811K [0x000000008a000000, 0x0000000100000000)
  region size 1024K, 1 young (1024K), 1 survivors (1024K)
 Metaspace       used 40843K, committed 41152K, reserved 1114112K
  class space    used 4524K, committed 4672K, reserved 1048576K
}
Event: 2353.434 GC heap before
{Heap before GC invocations=1132 (full 0):
 garbage-first heap   total 167936K, used 145139K [0x000000008a000000, 0x0000000100000000)
  region size 1024K, 98 young (100352K), 1 survivors (1024K)
 Metaspace       used 40843K, committed 41152K, reserved 1114112K
  class space    used 4524K, committed 4672K, reserved 1048576K
}
Event: 2353.435 GC heap after
{Heap after GC invocations=1133 (full 0):
 garbage-first heap   total 167936K, used 45804K [0x000000008a000000, 0x0000000100000000)
  region size 1024K, 1 young (1024K), 1 survivors (1024K)
 Metaspace       used 40843K, committed 41152K, reserved 1114112K
  class space    used 4524K, committed 4672K, reserved 1048576K
}
Event: 2354.648 GC heap before
{Heap before GC invocations=1133 (full 0):
 garbage-first heap   total 167936K, used 145132K [0x000000008a000000, 0x0000000100000000)
  region size 1024K, 98 young (100352K), 1 survivors (1024K)
 Metaspace       used 40843K, committed 41152K, reserved 1114112K
  class space    used 4524K, committed 4672K, reserved 1048576K
}
Event: 2354.648 GC heap after
{Heap after GC invocations=1134 (full 0):
 garbage-first heap   total 167936K, used 45811K [0x000000008a000000, 0x0000000100000000)
  region size 1024K, 1 young (1024K), 1 survivors (1024K)
 Metaspace       used 40843K, committed 41152K, reserved 1114112K
  class space    used 4524K, committed 4672K, reserved 1048576K
}
Event: 2359.582 GC heap before
{Heap before GC invocations=1134 (full 0):
 garbage-first heap   total 167936K, used 145139K [0x000000008a000000, 0x0000000100000000)
  region size 1024K, 98 young (100352K), 1 survivors (1024K)
 Metaspace       used 40843K, committed 41152K, reserved 1114112K
  class space    used 4524K, committed 4672K, reserved 1048576K
}
Event: 2359.583 GC heap after
{Heap after GC invocations=1135 (full 0):
 garbage-first heap   total 167936K, used 45811K [0x000000008a000000, 0x0000000100000000)
  region size 1024K, 1 young (1024K), 1 survivors (1024K)
 Metaspace       used 40843K, committed 41152K, reserved 1114112K
  class space    used 4524K, committed 4672K, reserved 1048576K
}
Event: 2361.064 GC heap before
{Heap before GC invocations=1135 (full 0):
 garbage-first heap   total 167936K, used 145139K [0x000000008a000000, 0x0000000100000000)
  region size 1024K, 98 young (100352K), 1 survivors (1024K)
 Metaspace       used 40843K, committed 41152K, reserved 1114112K
  class space    used 4524K, committed 4672K, reserved 1048576K
}
Event: 2361.065 GC heap after
{Heap after GC invocations=1136 (full 0):
 garbage-first heap   total 167936K, used 45811K [0x000000008a000000, 0x0000000100000000)
  region size 1024K, 1 young (1024K), 1 survivors (1024K)
 Metaspace       used 40843K, committed 41152K, reserved 1114112K
  class space    used 4524K, committed 4672K, reserved 1048576K
}
Event: 2406.938 GC heap before
{Heap before GC invocations=1136 (full 0):
 garbage-first heap   total 167936K, used 145139K [0x000000008a000000, 0x0000000100000000)
  region size 1024K, 98 young (100352K), 1 survivors (1024K)
 Metaspace       used 40843K, committed 41152K, reserved 1114112K
  class space    used 4524K, committed 4672K, reserved 1048576K
}
Event: 2409.901 GC heap after
{Heap after GC invocations=1137 (full 0):
 garbage-first heap   total 167936K, used 45811K [0x000000008a000000, 0x0000000100000000)
  region size 1024K, 1 young (1024K), 1 survivors (1024K)
 Metaspace       used 40843K, committed 41152K, reserved 1114112K
  class space    used 4524K, committed 4672K, reserved 1048576K
}
Event: 2411.714 GC heap before
{Heap before GC invocations=1137 (full 0):
 garbage-first heap   total 167936K, used 145139K [0x000000008a000000, 0x0000000100000000)
  region size 1024K, 98 young (100352K), 1 survivors (1024K)
 Metaspace       used 40843K, committed 41152K, reserved 1114112K
  class space    used 4524K, committed 4672K, reserved 1048576K
}
Event: 2412.365 GC heap after
{Heap after GC invocations=1138 (full 0):
 garbage-first heap   total 167936K, used 45811K [0x000000008a000000, 0x0000000100000000)
  region size 1024K, 1 young (1024K), 1 survivors (1024K)
 Metaspace       used 40843K, committed 41152K, reserved 1114112K
  class space    used 4524K, committed 4672K, reserved 1048576K
}
Event: 2436.759 GC heap before
{Heap before GC invocations=1138 (full 0):
 garbage-first heap   total 167936K, used 145139K [0x000000008a000000, 0x0000000100000000)
  region size 1024K, 98 young (100352K), 1 survivors (1024K)
 Metaspace       used 40843K, committed 41152K, reserved 1114112K
  class space    used 4524K, committed 4672K, reserved 1048576K
}
Event: 2439.751 GC heap after
{Heap after GC invocations=1139 (full 0):
 garbage-first heap   total 167936K, used 45814K [0x000000008a000000, 0x0000000100000000)
  region size 1024K, 1 young (1024K), 1 survivors (1024K)
 Metaspace       used 40843K, committed 41152K, reserved 1114112K
  class space    used 4524K, committed 4672K, reserved 1048576K
}
Event: 2442.298 GC heap before
{Heap before GC invocations=1139 (full 0):
 garbage-first heap   total 167936K, used 145142K [0x000000008a000000, 0x0000000100000000)
  region size 1024K, 98 young (100352K), 1 survivors (1024K)
 Metaspace       used 40844K, committed 41152K, reserved 1114112K
  class space    used 4524K, committed 4672K, reserved 1048576K
}
Event: 2442.703 GC heap after
{Heap after GC invocations=1140 (full 0):
 garbage-first heap   total 167936K, used 45825K [0x000000008a000000, 0x0000000100000000)
  region size 1024K, 1 young (1024K), 1 survivors (1024K)
 Metaspace       used 40844K, committed 41152K, reserved 1114112K
  class space    used 4524K, committed 4672K, reserved 1048576K
}
Event: 2446.046 GC heap before
{Heap before GC invocations=1140 (full 0):
 garbage-first heap   total 167936K, used 145153K [0x000000008a000000, 0x0000000100000000)
  region size 1024K, 98 young (100352K), 1 survivors (1024K)
 Metaspace       used 40844K, committed 41152K, reserved 1114112K
  class space    used 4524K, committed 4672K, reserved 1048576K
}

