# JRE version: OpenJDK Runtime Environment Temurin-17.0.8.1+1 (17.0.8.1+1) (build 17.0.8.1+1)
# Java VM: OpenJDK 64-Bit Server VM Temurin-17.0.8.1+1 (17.0.8.1+1, mixed mode, tiered, compressed oops, compressed class ptrs, g1 gc, windows-amd64)
GC Precious Log:
 CPUs: 12 total, 12 available
 Memory: 7549M
 Large Page Support: Disabled
 NUMA Support: Disabled
 Compressed Oops: Enabled (32-bit)
 Heap Region Size: 1M
 Heap Min Capacity: 8M
 Heap Initial Capacity: 118M
 Heap Max Capacity: 1888M
 Pre-touch: Disabled
 Parallel Workers: 10
 Concurrent Workers: 3
 Concurrent Refinement Workers: 10
 Periodic GC: Disabled
Heap:
 garbage-first heap   total 619520K, used 58457K [0x000000008a000000, 0x0000000100000000)
  region size 1024K, 1 young (1024K), 1 survivors (1024K)
 Metaspace       used 36360K, committed 36672K, reserved 1114112K
  class space    used 4427K, committed 4544K, reserved 1048576K
GC Heap History (20 events):
Event: 7639.160 GC heap after
{Heap after GC invocations=4211 (full 0):
 garbage-first heap   total 215040K, used 58439K [0x000000008a000000, 0x0000000100000000)
  region size 1024K, 1 young (1024K), 1 survivors (1024K)
 Metaspace       used 36345K, committed 36608K, reserved 1114112K
  class space    used 4423K, committed 4544K, reserved 1048576K
}
Event: 7641.141 GC heap before
{Heap before GC invocations=4211 (full 0):
 garbage-first heap   total 215040K, used 186439K [0x000000008a000000, 0x0000000100000000)
  region size 1024K, 126 young (129024K), 1 survivors (1024K)
 Metaspace       used 36345K, committed 36608K, reserved 1114112K
  class space    used 4423K, committed 4544K, reserved 1048576K
}
Event: 7641.141 GC heap after
{Heap after GC invocations=4212 (full 0):
 garbage-first heap   total 215040K, used 58439K [0x000000008a000000, 0x0000000100000000)
  region size 1024K, 1 young (1024K), 1 survivors (1024K)
 Metaspace       used 36345K, committed 36608K, reserved 1114112K
  class space    used 4423K, committed 4544K, reserved 1048576K
}
Event: 7644.251 GC heap before
{Heap before GC invocations=4212 (full 0):
 garbage-first heap   total 215040K, used 186439K [0x000000008a000000, 0x0000000100000000)
  region size 1024K, 126 young (129024K), 1 survivors (1024K)
 Metaspace       used 36345K, committed 36608K, reserved 1114112K
  class space    used 4423K, committed 4544K, reserved 1048576K
}
Event: 7644.251 GC heap after
{Heap after GC invocations=4213 (full 0):
 garbage-first heap   total 215040K, used 58439K [0x000000008a000000, 0x0000000100000000)
  region size 1024K, 1 young (1024K), 1 survivors (1024K)
 Metaspace       used 36345K, committed 36608K, reserved 1114112K
  class space    used 4423K, committed 4544K, reserved 1048576K
}
Event: 7645.960 GC heap before
{Heap before GC invocations=4213 (full 0):
 garbage-first heap   total 215040K, used 186439K [0x000000008a000000, 0x0000000100000000)
  region size 1024K, 126 young (129024K), 1 survivors (1024K)
 Metaspace       used 36345K, committed 36608K, reserved 1114112K
  class space    used 4423K, committed 4544K, reserved 1048576K
}
Event: 7645.961 GC heap after
{Heap after GC invocations=4214 (full 0):
 garbage-first heap   total 215040K, used 58439K [0x000000008a000000, 0x0000000100000000)
  region size 1024K, 1 young (1024K), 1 survivors (1024K)
 Metaspace       used 36345K, committed 36608K, reserved 1114112K
  class space    used 4423K, committed 4544K, reserved 1048576K
}
Event: 7647.522 GC heap before
{Heap before GC invocations=4214 (full 0):
 garbage-first heap   total 215040K, used 186439K [0x000000008a000000, 0x0000000100000000)
  region size 1024K, 126 young (129024K), 1 survivors (1024K)
 Metaspace       used 36345K, committed 36608K, reserved 1114112K
  class space    used 4423K, committed 4544K, reserved 1048576K
}
Event: 7649.765 GC heap after
{Heap after GC invocations=4215 (full 0):
 garbage-first heap   total 215040K, used 58447K [0x000000008a000000, 0x0000000100000000)
  region size 1024K, 1 young (1024K), 1 survivors (1024K)
 Metaspace       used 36345K, committed 36608K, reserved 1114112K
  class space    used 4423K, committed 4544K, reserved 1048576K
}
Event: 7651.427 GC heap before
{Heap before GC invocations=4215 (full 0):
 garbage-first heap   total 215040K, used 186447K [0x000000008a000000, 0x0000000100000000)
  region size 1024K, 126 young (129024K), 1 survivors (1024K)
 Metaspace       used 36345K, committed 36608K, reserved 1114112K
  class space    used 4423K, committed 4544K, reserved 1048576K
}
Event: 7673.174 GC heap after
{Heap after GC invocations=4216 (full 0):
 garbage-first heap   total 619520K, used 58445K [0x000000008a000000, 0x0000000100000000)
  region size 1024K, 1 young (1024K), 1 survivors (1024K)
 Metaspace       used 36345K, committed 36608K, reserved 1114112K
  class space    used 4423K, committed 4544K, reserved 1048576K
}
Event: 7758.969 GC heap before
{Heap before GC invocations=4216 (full 0):
 garbage-first heap   total 619520K, used 88141K [0x000000008a000000, 0x0000000100000000)
  region size 1024K, 30 young (30720K), 1 survivors (1024K)
 Metaspace       used 36355K, committed 36672K, reserved 1114112K
  class space    used 4426K, committed 4544K, reserved 1048576K
}
Event: 7762.855 GC heap after
{Heap after GC invocations=4217 (full 0):
 garbage-first heap   total 619520K, used 58465K [0x000000008a000000, 0x0000000100000000)
  region size 1024K, 1 young (1024K), 1 survivors (1024K)
 Metaspace       used 36355K, committed 36672K, reserved 1114112K
  class space    used 4426K, committed 4544K, reserved 1048576K
}
Event: 7763.882 GC heap before
{Heap before GC invocations=4217 (full 0):
 garbage-first heap   total 619520K, used 88161K [0x000000008a000000, 0x0000000100000000)
  region size 1024K, 30 young (30720K), 1 survivors (1024K)
 Metaspace       used 36358K, committed 36672K, reserved 1114112K
  class space    used 4426K, committed 4544K, reserved 1048576K
}
Event: 7764.724 GC heap after
{Heap after GC invocations=4218 (full 0):
 garbage-first heap   total 619520K, used 58469K [0x000000008a000000, 0x0000000100000000)
  region size 1024K, 1 young (1024K), 1 survivors (1024K)
 Metaspace       used 36358K, committed 36672K, reserved 1114112K
  class space    used 4426K, committed 4544K, reserved 1048576K
}
Event: 7765.539 GC heap before
{Heap before GC invocations=4218 (full 0):
 garbage-first heap   total 619520K, used 88165K [0x000000008a000000, 0x0000000100000000)
  region size 1024K, 30 young (30720K), 1 survivors (1024K)
 Metaspace       used 36358K, committed 36672K, reserved 1114112K
  class space    used 4426K, committed 4544K, reserved 1048576K
}
Event: 7766.291 GC heap after
{Heap after GC invocations=4219 (full 0):
 garbage-first heap   total 619520K, used 58474K [0x000000008a000000, 0x0000000100000000)
  region size 1024K, 1 young (1024K), 1 survivors (1024K)
 Metaspace       used 36358K, committed 36672K, reserved 1114112K
  class space    used 4426K, committed 4544K, reserved 1048576K
}
Event: 7766.960 GC heap before
{Heap before GC invocations=4219 (full 0):
 garbage-first heap   total 619520K, used 88170K [0x000000008a000000, 0x0000000100000000)
  region size 1024K, 30 young (30720K), 1 survivors (1024K)
 Metaspace       used 36360K, committed 36672K, reserved 1114112K
  class space    used 4427K, committed 4544K, reserved 1048576K
}
Event: 7768.220 GC heap after
{Heap after GC invocations=4220 (full 0):
 garbage-first heap   total 619520K, used 58475K [0x000000008a000000, 0x0000000100000000)
  region size 1024K, 1 young (1024K), 1 survivors (1024K)
 Metaspace       used 36360K, committed 36672K, reserved 1114112K
  class space    used 4427K, committed 4544K, reserved 1048576K
}
Event: 7774.778 GC heap before
{Heap before GC invocations=4220 (full 0):
 garbage-first heap   total 619520K, used 88171K [0x000000008a000000, 0x0000000100000000)
  region size 1024K, 30 young (30720K), 1 survivors (1024K)
 Metaspace       used 36360K, committed 36672K, reserved 1114112K
  class space    used 4427K, committed 4544K, reserved 1048576K
}

