# JRE version: OpenJDK Runtime Environment Temurin-17.0.8.1+1 (17.0.8.1+1) (build 17.0.8.1+1)
# Java VM: OpenJDK 64-Bit Server VM Temurin-17.0.8.1+1 (17.0.8.1+1, mixed mode, tiered, compressed oops, compressed class ptrs, g1 gc, windows-amd64)
GC Precious Log:
 CPUs: 12 total, 12 available
 Memory: 7549M
 Large Page Support: Disabled
 NUMA Support: Disabled
 Compressed Oops: Enabled (32-bit)
 Heap Region Size: 1M
 Heap Min Capacity: 8M
 Heap Initial Capacity: 118M
 Heap Max Capacity: 1888M
 Pre-touch: Disabled
 Parallel Workers: 10
 Concurrent Workers: 3
 Concurrent Refinement Workers: 10
 Periodic GC: Disabled
Heap:
 garbage-first heap   total 134144K, used 55244K [0x000000008a000000, 0x0000000100000000)
  region size 1024K, 1 young (1024K), 1 survivors (1024K)
 Metaspace       used 33994K, committed 34176K, reserved 1114112K
  class space    used 4077K, committed 4160K, reserved 1048576K
GC Heap History (20 events):
Event: 3471.134 GC heap after
{Heap after GC invocations=2677 (full 0):
 garbage-first heap   total 134144K, used 55234K [0x000000008a000000, 0x0000000100000000)
  region size 1024K, 1 young (1024K), 1 survivors (1024K)
 Metaspace       used 33993K, committed 34176K, reserved 1114112K
  class space    used 4077K, committed 4160K, reserved 1048576K
}
Event: 3471.831 GC heap before
{Heap before GC invocations=2677 (full 0):
 garbage-first heap   total 134144K, used 117698K [0x000000008a000000, 0x0000000100000000)
  region size 1024K, 62 young (63488K), 1 survivors (1024K)
 Metaspace       used 33993K, committed 34176K, reserved 1114112K
  class space    used 4077K, committed 4160K, reserved 1048576K
}
Event: 3471.831 GC heap after
{Heap after GC invocations=2678 (full 0):
 garbage-first heap   total 134144K, used 55234K [0x000000008a000000, 0x0000000100000000)
  region size 1024K, 1 young (1024K), 1 survivors (1024K)
 Metaspace       used 33993K, committed 34176K, reserved 1114112K
  class space    used 4077K, committed 4160K, reserved 1048576K
}
Event: 3472.594 GC heap before
{Heap before GC invocations=2678 (full 0):
 garbage-first heap   total 134144K, used 117698K [0x000000008a000000, 0x0000000100000000)
  region size 1024K, 62 young (63488K), 1 survivors (1024K)
 Metaspace       used 33993K, committed 34176K, reserved 1114112K
  class space    used 4077K, committed 4160K, reserved 1048576K
}
Event: 3472.595 GC heap after
{Heap after GC invocations=2679 (full 0):
 garbage-first heap   total 134144K, used 55234K [0x000000008a000000, 0x0000000100000000)
  region size 1024K, 1 young (1024K), 1 survivors (1024K)
 Metaspace       used 33993K, committed 34176K, reserved 1114112K
  class space    used 4077K, committed 4160K, reserved 1048576K
}
Event: 3484.959 GC heap before
{Heap before GC invocations=2679 (full 0):
 garbage-first heap   total 134144K, used 117698K [0x000000008a000000, 0x0000000100000000)
  region size 1024K, 62 young (63488K), 1 survivors (1024K)
 Metaspace       used 33993K, committed 34176K, reserved 1114112K
  class space    used 4077K, committed 4160K, reserved 1048576K
}
Event: 3484.960 GC heap after
{Heap after GC invocations=2680 (full 0):
 garbage-first heap   total 134144K, used 55234K [0x000000008a000000, 0x0000000100000000)
  region size 1024K, 1 young (1024K), 1 survivors (1024K)
 Metaspace       used 33993K, committed 34176K, reserved 1114112K
  class space    used 4077K, committed 4160K, reserved 1048576K
}
Event: 3486.130 GC heap before
{Heap before GC invocations=2680 (full 0):
 garbage-first heap   total 134144K, used 117698K [0x000000008a000000, 0x0000000100000000)
  region size 1024K, 62 young (63488K), 1 survivors (1024K)
 Metaspace       used 33993K, committed 34176K, reserved 1114112K
  class space    used 4077K, committed 4160K, reserved 1048576K
}
Event: 3486.158 GC heap after
{Heap after GC invocations=2681 (full 0):
 garbage-first heap   total 134144K, used 55232K [0x000000008a000000, 0x0000000100000000)
  region size 1024K, 1 young (1024K), 1 survivors (1024K)
 Metaspace       used 33993K, committed 34176K, reserved 1114112K
  class space    used 4077K, committed 4160K, reserved 1048576K
}
Event: 3491.579 GC heap before
{Heap before GC invocations=2681 (full 0):
 garbage-first heap   total 134144K, used 117696K [0x000000008a000000, 0x0000000100000000)
  region size 1024K, 62 young (63488K), 1 survivors (1024K)
 Metaspace       used 33993K, committed 34176K, reserved 1114112K
  class space    used 4077K, committed 4160K, reserved 1048576K
}
Event: 3491.580 GC heap after
{Heap after GC invocations=2682 (full 0):
 garbage-first heap   total 134144K, used 55242K [0x000000008a000000, 0x0000000100000000)
  region size 1024K, 1 young (1024K), 1 survivors (1024K)
 Metaspace       used 33993K, committed 34176K, reserved 1114112K
  class space    used 4077K, committed 4160K, reserved 1048576K
}
Event: 3492.643 GC heap before
{Heap before GC invocations=2682 (full 0):
 garbage-first heap   total 134144K, used 117706K [0x000000008a000000, 0x0000000100000000)
  region size 1024K, 62 young (63488K), 1 survivors (1024K)
 Metaspace       used 33993K, committed 34176K, reserved 1114112K
  class space    used 4077K, committed 4160K, reserved 1048576K
}
Event: 3492.644 GC heap after
{Heap after GC invocations=2683 (full 0):
 garbage-first heap   total 134144K, used 55242K [0x000000008a000000, 0x0000000100000000)
  region size 1024K, 1 young (1024K), 1 survivors (1024K)
 Metaspace       used 33993K, committed 34176K, reserved 1114112K
  class space    used 4077K, committed 4160K, reserved 1048576K
}
Event: 3493.397 GC heap before
{Heap before GC invocations=2683 (full 0):
 garbage-first heap   total 134144K, used 117706K [0x000000008a000000, 0x0000000100000000)
  region size 1024K, 62 young (63488K), 1 survivors (1024K)
 Metaspace       used 33993K, committed 34176K, reserved 1114112K
  class space    used 4077K, committed 4160K, reserved 1048576K
}
Event: 3493.594 GC heap after
{Heap after GC invocations=2684 (full 0):
 garbage-first heap   total 134144K, used 55242K [0x000000008a000000, 0x0000000100000000)
  region size 1024K, 1 young (1024K), 1 survivors (1024K)
 Metaspace       used 33993K, committed 34176K, reserved 1114112K
  class space    used 4077K, committed 4160K, reserved 1048576K
}
Event: 3547.354 GC heap before
{Heap before GC invocations=2684 (full 0):
 garbage-first heap   total 134144K, used 117706K [0x000000008a000000, 0x0000000100000000)
  region size 1024K, 62 young (63488K), 1 survivors (1024K)
 Metaspace       used 33994K, committed 34176K, reserved 1114112K
  class space    used 4077K, committed 4160K, reserved 1048576K
}
Event: 3549.698 GC heap after
{Heap after GC invocations=2685 (full 0):
 garbage-first heap   total 134144K, used 55244K [0x000000008a000000, 0x0000000100000000)
  region size 1024K, 1 young (1024K), 1 survivors (1024K)
 Metaspace       used 33994K, committed 34176K, reserved 1114112K
  class space    used 4077K, committed 4160K, reserved 1048576K
}
Event: 3551.065 GC heap before
{Heap before GC invocations=2685 (full 0):
 garbage-first heap   total 134144K, used 59340K [0x000000008a000000, 0x0000000100000000)
  region size 1024K, 6 young (6144K), 1 survivors (1024K)
 Metaspace       used 33994K, committed 34176K, reserved 1114112K
  class space    used 4077K, committed 4160K, reserved 1048576K
}
Event: 3551.327 GC heap after
{Heap after GC invocations=2686 (full 0):
 garbage-first heap   total 134144K, used 55242K [0x000000008a000000, 0x0000000100000000)
  region size 1024K, 1 young (1024K), 1 survivors (1024K)
 Metaspace       used 33994K, committed 34176K, reserved 1114112K
  class space    used 4077K, committed 4160K, reserved 1048576K
}
Event: 3552.529 GC heap before
{Heap before GC invocations=2686 (full 0):
 garbage-first heap   total 134144K, used 59338K [0x000000008a000000, 0x0000000100000000)
  region size 1024K, 6 young (6144K), 1 survivors (1024K)
 Metaspace       used 33994K, committed 34176K, reserved 1114112K
  class space    used 4077K, committed 4160K, reserved 1048576K
}

